\BOOKMARK [1][]{section.2}{\376\377\000I\000n\000t\000r\000o\000d\000u\000c\000t\000i\000o\000n}{}% 1
\BOOKMARK [1][]{section.4}{\376\377\000R\000e\000l\000a\000t\000e\000d\000\040\000w\000o\000r\000k}{}% 2
\BOOKMARK [2][]{subsection.5}{\376\377\000D\000i\000s\000t\000r\000i\000b\000u\000t\000e\000d\000\040\000q\000u\000e\000r\000y\000\040\000a\000n\000a\000l\000y\000s\000i\000s}{section.4}% 3
\BOOKMARK [2][]{subsection.6}{\376\377\000V\000i\000s\000u\000a\000l\000\040\000a\000n\000a\000l\000y\000t\000i\000c\000s\000\040\000f\000o\000r\000\040\000d\000i\000s\000t\000r\000i\000b\000u\000t\000e\000d\000\040\000s\000y\000s\000t\000e\000m\000s}{section.4}% 4
\BOOKMARK [2][]{subsection.7}{\376\377\000V\000i\000s\000u\000a\000l\000i\000z\000a\000t\000i\000o\000n\000\040\000f\000o\000r\000\040\000t\000e\000m\000p\000o\000r\000a\000l\000\040\000d\000a\000t\000a}{section.4}% 5
\BOOKMARK [1][]{section.8}{\376\377\000B\000a\000c\000k\000g\000r\000o\000u\000n\000d}{}% 6
\BOOKMARK [2][]{subsection.9}{\376\377\000B\000a\000c\000k\000g\000r\000o\000u\000n\000d\000\040\000o\000f\000\040\000d\000i\000s\000t\000r\000i\000b\000u\000t\000e\000d\000\040\000q\000u\000e\000r\000y\000\040\000e\000x\000e\000c\000u\000t\000i\000o\000n}{section.8}% 7
\BOOKMARK [2][]{subsection.12}{\376\377\000R\000e\000q\000u\000i\000r\000e\000m\000e\000n\000t\000\040\000a\000n\000a\000l\000y\000s\000i\000s}{section.8}% 8
\BOOKMARK [1][]{section.13}{\376\377\000S\000y\000s\000t\000e\000m\000\040\000d\000e\000s\000i\000g\000n}{}% 9
\BOOKMARK [2][]{subsection.14}{\376\377\000T\000a\000s\000k\000\040\000a\000n\000a\000l\000y\000s\000i\000s}{section.13}% 10
\BOOKMARK [2][]{subsection.15}{\376\377\000S\000y\000s\000t\000e\000m\000\040\000o\000v\000e\000r\000v\000i\000e\000w}{section.13}% 11
\BOOKMARK [1][]{section.16}{\376\377\000V\000i\000s\000u\000a\000l\000i\000z\000a\000t\000i\000o\000n\000\040\000d\000e\000s\000i\000g\000n}{}% 12
\BOOKMARK [2][]{subsection.17}{\376\377\000Q\000u\000e\000r\000y\000\040\000e\000x\000e\000c\000u\000t\000i\000o\000n\000\040\000o\000v\000e\000r\000v\000i\000e\000w}{section.16}% 13
\BOOKMARK [3][-]{subsubsection.18}{\376\377\000E\000x\000e\000c\000u\000t\000i\000o\000n\000\040\000p\000l\000a\000n\000\040\000v\000i\000e\000w}{subsection.17}% 14
\BOOKMARK [3][-]{subsubsection.19}{\376\377\000E\000x\000e\000c\000u\000t\000i\000o\000n\000\040\000p\000r\000o\000g\000r\000e\000s\000s\000\040\000v\000i\000e\000w}{subsection.17}% 15
\BOOKMARK [2][]{subsection.20}{\376\377\000T\000a\000s\000k\000\040\000v\000i\000e\000w}{section.16}% 16
\BOOKMARK [2][]{subsection.21}{\376\377\000S\000y\000s\000t\000e\000m\000\040\000p\000r\000o\000f\000i\000l\000i\000n\000g\000\040\000v\000i\000s\000u\000a\000l\000i\000z\000a\000t\000i\000o\000n}{section.16}% 17
\BOOKMARK [2][]{subsection.22}{\376\377\000L\000i\000n\000k\000a\000g\000e\000\040\000a\000n\000d\000\040\000i\000n\000t\000e\000r\000a\000c\000t\000i\000o\000n\000s}{section.16}% 18
\BOOKMARK [1][]{section.23}{\376\377\000E\000v\000a\000l\000u\000a\000t\000i\000o\000n}{}% 19
\BOOKMARK [2][]{subsection.24}{\376\377\000C\000a\000s\000e\000\040\000s\000t\000u\000d\000y}{section.23}% 20
\BOOKMARK [2][]{subsection.25}{\376\377\000E\000x\000p\000e\000r\000t\000\040\000i\000n\000t\000e\000r\000v\000i\000e\000w}{section.23}% 21
\BOOKMARK [1][]{section.26}{\376\377\000C\000o\000n\000c\000l\000u\000s\000i\000o\000n}{}% 22
\BOOKMARK [1][]{section.27}{\376\377\000C\000o\000n\000c\000l\000u\000s\000i\000o\000n}{}% 23
