\BOOKMARK [1][]{section.2}{Introduction}{}% 1
\BOOKMARK [1][]{section.4}{Related work}{}% 2
\BOOKMARK [2][]{subsection.5}{Query Analysis}{section.4}% 3
\BOOKMARK [2][]{subsection.6}{Visualization for Sequence Data}{section.4}% 4
\BOOKMARK [1][]{section.7}{Background}{}% 5
\BOOKMARK [1][]{section.9}{System design}{}% 6
\BOOKMARK [2][]{subsection.10}{Requirement Analysis}{section.9}% 7
\BOOKMARK [2][]{subsection.11}{Task Analysis}{section.9}% 8
\BOOKMARK [2][]{subsection.12}{System Design}{section.9}% 9
\BOOKMARK [1][]{section.14}{Preprocess and data analysis}{}% 10
\BOOKMARK [2][]{subsection.15}{Data Collection}{section.14}% 11
\BOOKMARK [2][]{subsection.16}{Data Modeling}{section.14}% 12
\BOOKMARK [1][]{section.18}{Visualization design}{}% 13
\BOOKMARK [2][]{subsection.19}{Query Progress View}{section.18}% 14
\BOOKMARK [3][-]{subsubsection.22}{Visual Encoding}{subsection.19}% 15
\BOOKMARK [3][-]{subsubsection.23}{Layout Method}{subsection.19}% 16
\BOOKMARK [2][]{subsection.25}{Pattern Explorer}{section.18}% 17
\BOOKMARK [3][-]{subsubsection.27}{Distribution View}{subsection.25}% 18
\BOOKMARK [2][]{subsection.28}{Task List View}{section.18}% 19
\BOOKMARK [3][-]{subsubsection.30}{Task glyph}{subsection.28}% 20
\BOOKMARK [3][-]{subsubsection.31}{Extension View}{subsection.28}% 21
\BOOKMARK [2][]{subsection.33}{Interactions}{section.18}% 22
\BOOKMARK [1][]{section.34}{Evaluation}{}% 23
\BOOKMARK [2][]{subsection.35}{Case study}{section.34}% 24
\BOOKMARK [2][]{subsection.36}{Expert interview}{section.34}% 25
\BOOKMARK [1][]{section.37}{Conclusion}{}% 26
