<<<<<<< HEAD
This is pdfTeX, Version 3.141592653-2.6-1.40.22 (MiKTeX 21.2) (preloaded format=pdflatex 2021.3.16)  29 MAR 2021 03:00
=======
This is pdfTeX, Version 3.141592653-2.6-1.40.22 (MiKTeX 21.2) (preloaded format=pdflatex 2021.3.16)  31 MAR 2021 04:39
>>>>>>> 87e38476d46c232532b1981a1ff0ea0f46d2299d
entering extended mode
**./Vis4Sys.tex
(Vis4Sys.tex
LaTeX2e <2020-10-01> patch level 4
L3 programming layer <2021-02-18> xparse <2020-03-03> (vgtc.cls
Document Class: vgtc 2006/05/21 IEEE VGTC
(C:\Program Files\MiKTeX\tex/generic/iftex\ifpdf.sty
Package: ifpdf 2019/10/25 v3.4 ifpdf legacy package. Use iftex instead.

(C:\Program Files\MiKTeX\tex/generic/iftex\iftex.sty
Package: iftex 2020/03/06 v1.0d TeX engine tests
))
(C:\Program Files\MiKTeX\tex/latex/base\article.cls
Document Class: article 2020/04/10 v1.4m Standard LaTeX document class
(C:\Program Files\MiKTeX\tex/latex/base\size10.clo
File: size10.clo 2020/04/10 v1.4m Standard LaTeX file (size option)
)
\c@part=\count179
\c@section=\count180
\c@subsection=\count181
\c@subsubsection=\count182
\c@paragraph=\count183
\c@subparagraph=\count184
\c@figure=\count185
\c@table=\count186
\abovecaptionskip=\skip47
\belowcaptionskip=\skip48
\bibindent=\dimen138
)
\captionmargin=\skip49
\bibindent=\dimen139
\bibspacing=\dimen140
\titlespace=\skip50
\teaserspace=\skip51
\abstxtspace=\skip52
\vgtc@copyrightlength=\skip53
)
(C:\Program Files\MiKTeX\tex/latex/graphics\graphicx.sty
Package: graphicx 2020/09/09 v1.2b Enhanced LaTeX Graphics (DPC,SPQR)

(C:\Program Files\MiKTeX\tex/latex/graphics\keyval.sty
Package: keyval 2014/10/28 v1.15 key=value parser (DPC)
\KV@toks@=\toks15
)
(C:\Program Files\MiKTeX\tex/latex/graphics\graphics.sty
Package: graphics 2020/08/30 v1.4c Standard LaTeX Graphics (DPC,SPQR)

(C:\Program Files\MiKTeX\tex/latex/graphics\trig.sty
Package: trig 2016/01/03 v1.10 sin cos tan (DPC)
)
(C:\Program Files\MiKTeX\tex/latex/graphics-cfg\graphics.cfg
File: graphics.cfg 2016/06/04 v1.11 sample graphics configuration
)
Package graphics Info: Driver file: pdftex.def on input line 105.

(C:\Program Files\MiKTeX\tex/latex/graphics-def\pdftex.def
File: pdftex.def 2020/10/05 v1.2a Graphics/color driver for pdftex
))
\Gin@req@height=\dimen141
\Gin@req@width=\dimen142
)
(C:\Program Files\MiKTeX\tex/latex/microtype\microtype.sty
Package: microtype 2021/02/25 v2.8b Micro-typographical refinements (RS)
\MT@toks=\toks16
\MT@count=\count187
LaTeX Info: Redefining \textls on input line 788.
\MT@outer@kern=\dimen143
LaTeX Info: Redefining \textmicrotypecontext on input line 1358.
\MT@listname@count=\count188

(C:\Program Files\MiKTeX\tex/latex/microtype\microtype-pdftex.def
File: microtype-pdftex.def 2021/02/25 v2.8b Definitions specific to pdftex (RS)

LaTeX Info: Redefining \lsstyle on input line 915.
LaTeX Info: Redefining \lslig on input line 915.
\MT@outer@space=\skip54
)
Package microtype Info: Loading configuration file microtype.cfg.

(C:\Program Files\MiKTeX\tex/latex/microtype\microtype.cfg
File: microtype.cfg 2021/02/25 v2.8b microtype main configuration file (RS)
))
(C:\Program Files\MiKTeX\tex/latex/base\textcomp.sty
Package: textcomp 2020/02/02 v2.0n Standard LaTeX package
)
(C:\Program Files\MiKTeX\tex/latex/psnfss\mathptmx.sty
Package: mathptmx 2020/03/25 PSNFSS-v9.3 Times w/ Math, improved (SPQR, WaS) 
LaTeX Font Info:    Redeclaring symbol font `operators' on input line 28.
LaTeX Font Info:    Overwriting symbol font `operators' in version `normal'
(Font)                  OT1/cmr/m/n --> OT1/ztmcm/m/n on input line 28.
LaTeX Font Info:    Overwriting symbol font `operators' in version `bold'
(Font)                  OT1/cmr/bx/n --> OT1/ztmcm/m/n on input line 28.
LaTeX Font Info:    Redeclaring symbol font `letters' on input line 29.
LaTeX Font Info:    Overwriting symbol font `letters' in version `normal'
(Font)                  OML/cmm/m/it --> OML/ztmcm/m/it on input line 29.
LaTeX Font Info:    Overwriting symbol font `letters' in version `bold'
(Font)                  OML/cmm/b/it --> OML/ztmcm/m/it on input line 29.
LaTeX Font Info:    Redeclaring symbol font `symbols' on input line 30.
LaTeX Font Info:    Overwriting symbol font `symbols' in version `normal'
(Font)                  OMS/cmsy/m/n --> OMS/ztmcm/m/n on input line 30.
LaTeX Font Info:    Overwriting symbol font `symbols' in version `bold'
(Font)                  OMS/cmsy/b/n --> OMS/ztmcm/m/n on input line 30.
LaTeX Font Info:    Redeclaring symbol font `largesymbols' on input line 31.
LaTeX Font Info:    Overwriting symbol font `largesymbols' in version `normal'
(Font)                  OMX/cmex/m/n --> OMX/ztmcm/m/n on input line 31.
LaTeX Font Info:    Overwriting symbol font `largesymbols' in version `bold'
(Font)                  OMX/cmex/m/n --> OMX/ztmcm/m/n on input line 31.
\symbold=\mathgroup4
\symitalic=\mathgroup5
LaTeX Font Info:    Redeclaring math alphabet \mathbf on input line 34.
LaTeX Font Info:    Overwriting math alphabet `\mathbf' in version `normal'
(Font)                  OT1/cmr/bx/n --> OT1/ptm/bx/n on input line 34.
LaTeX Font Info:    Overwriting math alphabet `\mathbf' in version `bold'
(Font)                  OT1/cmr/bx/n --> OT1/ptm/bx/n on input line 34.
LaTeX Font Info:    Redeclaring math alphabet \mathit on input line 35.
LaTeX Font Info:    Overwriting math alphabet `\mathit' in version `normal'
(Font)                  OT1/cmr/m/it --> OT1/ptm/m/it on input line 35.
LaTeX Font Info:    Overwriting math alphabet `\mathit' in version `bold'
(Font)                  OT1/cmr/bx/it --> OT1/ptm/m/it on input line 35.
LaTeX Info: Redefining \hbar on input line 50.
)
(C:\Program Files\MiKTeX\tex/latex/psnfss\times.sty
Package: times 2020/03/25 PSNFSS-v9.3 (SPQR) 
)
(C:\Program Files\MiKTeX\tex/latex/cite\cite.sty
LaTeX Info: Redefining \cite on input line 302.
LaTeX Info: Redefining \nocite on input line 332.
Package: cite 2015/02/27  v 5.5
)
(C:\Program Files\MiKTeX\tex/latex/tabu\tabu.sty
Package: tabu 2019/01/11 v2.9 - flexible LaTeX tabulars (FC+tabu-fixed)

(C:\Program Files\MiKTeX\tex/latex/latex-tools\array.sty
Package: array 2020/10/01 v2.5c Tabular extension package (FMi)
\col@sep=\dimen144
\ar@mcellbox=\box47
\extrarowheight=\dimen145
\NC@list=\toks17
\extratabsurround=\skip55
\backup@length=\skip56
\ar@cellbox=\box48
)
(C:\Program Files\MiKTeX\tex/latex/varwidth\varwidth.sty
Package: varwidth 2009/03/30 ver 0.92;  Variable-width minipages
\@vwid@box=\box49
\sift@deathcycles=\count189
\@vwid@loff=\dimen146
\@vwid@roff=\dimen147
)
\c@taburow=\count190
\tabu@nbcols=\count191
\tabu@cnt=\count192
\tabu@Xcol=\count193
\tabu@alloc=\count194
\tabu@nested=\count195
\tabu@target=\dimen148
\tabu@spreadtarget=\dimen149
\tabu@naturalX=\dimen150
\tabucolX=\dimen151
\tabu@Xsum=\dimen152
\extrarowdepth=\dimen153
\abovetabulinesep=\dimen154
\belowtabulinesep=\dimen155
\tabustrutrule=\dimen156
\tabu@thebody=\toks18
\tabu@footnotes=\toks19
\tabu@box=\box50
\tabu@arstrutbox=\box51
\tabu@hleads=\box52
\tabu@vleads=\box53
\tabu@cellskip=\skip57
)
(C:\Program Files\MiKTeX\tex/latex/booktabs\booktabs.sty
Package: booktabs 2020/01/12 v1.61803398 Publication quality tables
\heavyrulewidth=\dimen157
\lightrulewidth=\dimen158
\cmidrulewidth=\dimen159
\belowrulesep=\dimen160
\belowbottomsep=\dimen161
\aboverulesep=\dimen162
\abovetopsep=\dimen163
\cmidrulesep=\dimen164
\cmidrulekern=\dimen165
\defaultaddspace=\dimen166
\@cmidla=\count196
\@cmidlb=\count197
\@aboverulesep=\dimen167
\@belowrulesep=\dimen168
\@thisruleclass=\count198
\@lastruleclass=\count199
\@thisrulewidth=\dimen169
)
(C:\Program Files\MiKTeX\tex/latex/amsfonts\amsfonts.sty
Package: amsfonts 2013/01/14 v3.01 Basic AMSFonts support
\@emptytoks=\toks20
\symAMSa=\mathgroup6
\symAMSb=\mathgroup7
LaTeX Font Info:    Overwriting math alphabet `\mathfrak' in version `bold'
(Font)                  U/euf/m/n --> U/euf/b/n on input line 106.
)
(C:\Program Files\MiKTeX\tex/latex/amsmath\amsmath.sty
Package: amsmath 2020/09/23 v2.17i AMS math features
\@mathmargin=\skip58

For additional information on amsmath, use the `?' option.
(C:\Program Files\MiKTeX\tex/latex/amsmath\amstext.sty
Package: amstext 2000/06/29 v2.01 AMS text

(C:\Program Files\MiKTeX\tex/latex/amsmath\amsgen.sty
File: amsgen.sty 1999/11/30 v2.0 generic functions
\@emptytoks=\toks21
\ex@=\dimen170
))
(C:\Program Files\MiKTeX\tex/latex/amsmath\amsbsy.sty
Package: amsbsy 1999/11/29 v1.2d Bold Symbols
\pmbraise@=\dimen171
)
(C:\Program Files\MiKTeX\tex/latex/amsmath\amsopn.sty
Package: amsopn 2016/03/08 v2.02 operator names
)
\inf@bad=\count266
LaTeX Info: Redefining \frac on input line 234.
\uproot@=\count267
\leftroot@=\count268
LaTeX Info: Redefining \overline on input line 399.
\classnum@=\count269
\DOTSCASE@=\count270
LaTeX Info: Redefining \ldots on input line 496.
LaTeX Info: Redefining \dots on input line 499.
LaTeX Info: Redefining \cdots on input line 620.
\Mathstrutbox@=\box54
\strutbox@=\box55
\big@size=\dimen172
LaTeX Font Info:    Redeclaring font encoding OML on input line 743.
LaTeX Font Info:    Redeclaring font encoding OMS on input line 744.
\macc@depth=\count271
\c@MaxMatrixCols=\count272
\dotsspace@=\muskip16
\c@parentequation=\count273
\dspbrk@lvl=\count274
\tag@help=\toks22
\row@=\count275
\column@=\count276
\maxfields@=\count277
\andhelp@=\toks23
\eqnshift@=\dimen173
\alignsep@=\dimen174
\tagshift@=\dimen175
\tagwidth@=\dimen176
\totwidth@=\dimen177
\lineht@=\dimen178
\@envbody=\toks24
\multlinegap=\skip59
\multlinetaggap=\skip60
\mathdisplay@stack=\toks25
LaTeX Info: Redefining \[ on input line 2923.
LaTeX Info: Redefining \] on input line 2924.
)
(C:\Program Files\MiKTeX\tex/latex/algorithmicx\algpseudocode.sty
Package: algpseudocode 

(C:\Program Files\MiKTeX\tex/latex/base\ifthen.sty
Package: ifthen 2014/09/29 v1.1c Standard LaTeX ifthen package (DPC)
)
(C:\Program Files\MiKTeX\tex/latex/algorithmicx\algorithmicx.sty
Package: algorithmicx 2005/04/27 v1.2 Algorithmicx

Document Style algorithmicx 1.2 - a greatly improved `algorithmic' style
\c@ALG@line=\count278
\c@ALG@rem=\count279
\c@ALG@nested=\count280
\ALG@tlm=\skip61
\ALG@thistlm=\skip62
\c@ALG@Lnr=\count281
\c@ALG@blocknr=\count282
\c@ALG@storecount=\count283
\c@ALG@tmpcounter=\count284
\ALG@tmplength=\skip63
)
Document Style - pseudocode environments for use with the `algorithmicx' style
) (C:\Program Files\MiKTeX\tex/latex/algorithms\algorithm.sty
Package: algorithm 2009/08/24 v0.1 Document Style `algorithm' - floating enviro
nment

(C:\Program Files\MiKTeX\tex/latex/float\float.sty
Package: float 2001/11/08 v1.3d Float enhancements (AL)
\c@float@type=\count285
\float@exts=\toks26
\float@box=\box56
\@float@everytoks=\toks27
\@floatcapt=\box57
)
\@float@every@algorithm=\toks28
\c@algorithm=\count286
)
(C:\Program Files\MiKTeX\tex/latex/hyperref\hyperref.sty
Package: hyperref 2021-02-10 v7.00j Hypertext links for LaTeX

(C:\Program Files\MiKTeX\tex/generic/ltxcmds\ltxcmds.sty
Package: ltxcmds 2020-05-10 v1.25 LaTeX kernel commands for general use (HO)
)
(C:\Program Files\MiKTeX\tex/generic/pdftexcmds\pdftexcmds.sty
Package: pdftexcmds 2020-06-27 v0.33 Utility functions of pdfTeX for LuaTeX (HO
)

(C:\Program Files\MiKTeX\tex/generic/infwarerr\infwarerr.sty
Package: infwarerr 2019/12/03 v1.5 Providing info/warning/error messages (HO)
)
Package pdftexcmds Info: \pdf@primitive is available.
Package pdftexcmds Info: \pdf@ifprimitive is available.
Package pdftexcmds Info: \pdfdraftmode found.
)
(C:\Program Files\MiKTeX\tex/generic/kvsetkeys\kvsetkeys.sty
Package: kvsetkeys 2019/12/15 v1.18 Key value parser (HO)
)
(C:\Program Files\MiKTeX\tex/generic/kvdefinekeys\kvdefinekeys.sty
Package: kvdefinekeys 2019-12-19 v1.6 Define keys (HO)
)
(C:\Program Files\MiKTeX\tex/generic/pdfescape\pdfescape.sty
Package: pdfescape 2019/12/09 v1.15 Implements pdfTeX's escape features (HO)
)
(C:\Program Files\MiKTeX\tex/latex/hycolor\hycolor.sty
Package: hycolor 2020-01-27 v1.10 Color options for hyperref/bookmark (HO)
)
(C:\Program Files\MiKTeX\tex/latex/letltxmacro\letltxmacro.sty
Package: letltxmacro 2019/12/03 v1.6 Let assignment for LaTeX macros (HO)
)
(C:\Program Files\MiKTeX\tex/latex/auxhook\auxhook.sty
Package: auxhook 2019-12-17 v1.6 Hooks for auxiliary files (HO)
)
(C:\Program Files\MiKTeX\tex/latex/kvoptions\kvoptions.sty
Package: kvoptions 2020-10-07 v3.14 Key value format for package options (HO)
)
\@linkdim=\dimen179
\Hy@linkcounter=\count287
\Hy@pagecounter=\count288

(C:\Program Files\MiKTeX\tex/latex/hyperref\pd1enc.def
File: pd1enc.def 2021-02-10 v7.00j Hyperref: PDFDocEncoding definition (HO)
Now handling font encoding PD1 ...
... no UTF-8 mapping file for font encoding PD1
)
(C:\Program Files\MiKTeX\tex/latex/hyperref\hyperref-langpatches.def
File: hyperref-langpatches.def 2021-02-10 v7.00j Hyperref: patches for babel la
nguages
)
(C:\Program Files\MiKTeX\tex/generic/intcalc\intcalc.sty
Package: intcalc 2019/12/15 v1.3 Expandable calculations with integers (HO)
)
(C:\Program Files\MiKTeX\tex/generic/etexcmds\etexcmds.sty
Package: etexcmds 2019/12/15 v1.7 Avoid name clashes with e-TeX commands (HO)
)
\Hy@SavedSpaceFactor=\count289

(C:\Program Files\MiKTeX\tex/latex/hyperref\puenc.def
File: puenc.def 2021-02-10 v7.00j Hyperref: PDF Unicode definition (HO)
Now handling font encoding PU ...
... no UTF-8 mapping file for font encoding PU
)
Package hyperref Info: Hyper figures OFF on input line 4192.
Package hyperref Info: Link nesting OFF on input line 4197.
Package hyperref Info: Hyper index ON on input line 4200.
Package hyperref Info: Plain pages OFF on input line 4207.
Package hyperref Info: Backreferencing OFF on input line 4212.
Package hyperref Info: Implicit mode ON; LaTeX internals redefined.
Package hyperref Info: Bookmarks ON on input line 4445.
\c@Hy@tempcnt=\count290

(C:\Program Files\MiKTeX\tex/latex/url\url.sty
\Urlmuskip=\muskip17
Package: url 2013/09/16  ver 3.4  Verb mode for urls, etc.
)
LaTeX Info: Redefining \url on input line 4804.
\XeTeXLinkMargin=\dimen180

(C:\Program Files\MiKTeX\tex/generic/bitset\bitset.sty
Package: bitset 2019/12/09 v1.3 Handle bit-vector datatype (HO)

(C:\Program Files\MiKTeX\tex/generic/bigintcalc\bigintcalc.sty
Package: bigintcalc 2019/12/15 v1.5 Expandable calculations on big integers (HO
)
))
\Fld@menulength=\count291
\Field@Width=\dimen181
\Fld@charsize=\dimen182
Package hyperref Info: Hyper figures OFF on input line 6075.
Package hyperref Info: Link nesting OFF on input line 6080.
Package hyperref Info: Hyper index ON on input line 6083.
Package hyperref Info: backreferencing OFF on input line 6090.
Package hyperref Info: Link coloring OFF on input line 6095.
Package hyperref Info: Link coloring with OCG OFF on input line 6100.
Package hyperref Info: PDF/A mode OFF on input line 6105.
LaTeX Info: Redefining \ref on input line 6145.
LaTeX Info: Redefining \pageref on input line 6149.

(C:\Program Files\MiKTeX\tex/latex/base\atbegshi-ltx.sty
Package: atbegshi-ltx 2020/08/17 v1.0a Emulation of the original atbegshi packa
ge
with kernel methods
)
\Hy@abspage=\count292
\c@Item=\count293
\c@Hfootnote=\count294
)
Package hyperref Info: Driver (autodetected): hpdftex.

(C:\Program Files\MiKTeX\tex/latex/hyperref\hpdftex.def
File: hpdftex.def 2021-02-10 v7.00j Hyperref driver for pdfTeX

(C:\Program Files\MiKTeX\tex/latex/base\atveryend-ltx.sty
Package: atveryend-ltx 2020/08/19 v1.0a Emulation of the original atvery packag
e
with kernel methods
)
\Fld@listcount=\count295
\c@bookmark@seq@number=\count296

(C:\Program Files\MiKTeX\tex/latex/rerunfilecheck\rerunfilecheck.sty
Package: rerunfilecheck 2019/12/05 v1.9 Rerun checks for auxiliary files (HO)

(C:\Program Files\MiKTeX\tex/generic/uniquecounter\uniquecounter.sty
Package: uniquecounter 2019/12/15 v1.4 Provide unlimited unique counter (HO)
)
Package uniquecounter Info: New unique counter `rerunfilecheck' on input line 2
86.
)
\Hy@SectionHShift=\skip64
)
(C:\Program Files\MiKTeX\tex/latex/xcolor\xcolor.sty
Package: xcolor 2016/05/11 v2.12 LaTeX color extensions (UK)

(C:\Program Files\MiKTeX\tex/latex/graphics-cfg\color.cfg
File: color.cfg 2016/01/02 v1.6 sample color configuration
)
Package xcolor Info: Driver file: pdftex.def on input line 225.
Package xcolor Info: Model `cmy' substituted by `cmy0' on input line 1348.
Package xcolor Info: Model `hsb' substituted by `rgb' on input line 1352.
Package xcolor Info: Model `RGB' extended on input line 1364.
Package xcolor Info: Model `HTML' substituted by `rgb' on input line 1366.
Package xcolor Info: Model `Hsb' substituted by `hsb' on input line 1367.
Package xcolor Info: Model `tHsb' substituted by `hsb' on input line 1368.
Package xcolor Info: Model `HSB' substituted by `hsb' on input line 1369.
Package xcolor Info: Model `Gray' substituted by `gray' on input line 1370.
Package xcolor Info: Model `wave' substituted by `hsb' on input line 1371.
)

Package hyperref Warning: Option `pdftex' has already been used,
<<<<<<< HEAD
(hyperref)                setting the option has no effect on input line 155.


Package hyperref Warning: Option `pagebackref' has already been used,
(hyperref)                setting the option has no effect on input line 155.


Package hyperref Warning: Token not allowed in a PDF string (Unicode):
(hyperref)                removing `math shift' on input line 155.


Package hyperref Warning: Token not allowed in a PDF string (Unicode):
(hyperref)                removing `math shift' on input line 155.

Package hyperref Info: Option `pageanchor' set `true' on input line 155.
Package hyperref Info: Option `plainpages' set `false' on input line 155.
Package hyperref Info: Option `hypertexnames' set `false' on input line 155.

Package hyperref Warning: Option `bookmarks' has already been used,
(hyperref)                setting the option has no effect on input line 155.

Package hyperref Info: Option `bookmarksnumbered' set `false' on input line 155
.
Package hyperref Info: Option `bookmarksopen' set `true' on input line 155.
Package hyperref Info: Option `breaklinks' set `true' on input line 155.
Package hyperref Info: Option `colorlinks' set `false' on input line 155.
Package hyperref Info: Option `nesting' set `true' on input line 155.
Package hyperref Info: Option `linktocpage' set `true' on input line 155.
LaTeX Font Info:    Trying to load font information for OT1+ptm on input line 1
61.
=======
(hyperref)                setting the option has no effect on input line 157.


Package hyperref Warning: Option `pagebackref' has already been used,
(hyperref)                setting the option has no effect on input line 157.


Package hyperref Warning: Token not allowed in a PDF string (Unicode):
(hyperref)                removing `math shift' on input line 157.


Package hyperref Warning: Token not allowed in a PDF string (Unicode):
(hyperref)                removing `math shift' on input line 157.

Package hyperref Info: Option `pageanchor' set `true' on input line 157.
Package hyperref Info: Option `plainpages' set `false' on input line 157.
Package hyperref Info: Option `hypertexnames' set `false' on input line 157.

Package hyperref Warning: Option `bookmarks' has already been used,
(hyperref)                setting the option has no effect on input line 157.

Package hyperref Info: Option `bookmarksnumbered' set `false' on input line 157
.
Package hyperref Info: Option `bookmarksopen' set `true' on input line 157.
Package hyperref Info: Option `breaklinks' set `true' on input line 157.
Package hyperref Info: Option `colorlinks' set `false' on input line 157.
Package hyperref Info: Option `nesting' set `true' on input line 157.
Package hyperref Info: Option `linktocpage' set `true' on input line 157.
LaTeX Font Info:    Trying to load font information for OT1+ptm on input line 1
63.
>>>>>>> 87e38476d46c232532b1981a1ff0ea0f46d2299d
(C:\Program Files\MiKTeX\tex/latex/psnfss\ot1ptm.fd
File: ot1ptm.fd 2001/06/04 font definitions for OT1/ptm.
)
(C:\Program Files\MiKTeX\tex/latex/l3backend\l3backend-pdftex.def
File: l3backend-pdftex.def 2021-02-18 L3 backend support: PDF output (pdfTeX)
\l__color_backend_stack_int=\count297
\l__pdf_internal_box=\box58
<<<<<<< HEAD
) (Vis4Sys.aux)
\openout1 = `Vis4Sys.aux'.

LaTeX Font Info:    Checking defaults for OML/cmm/m/it on input line 161.
LaTeX Font Info:    ... okay on input line 161.
LaTeX Font Info:    Checking defaults for OMS/cmsy/m/n on input line 161.
LaTeX Font Info:    ... okay on input line 161.
LaTeX Font Info:    Checking defaults for OT1/cmr/m/n on input line 161.
LaTeX Font Info:    ... okay on input line 161.
LaTeX Font Info:    Checking defaults for T1/cmr/m/n on input line 161.
LaTeX Font Info:    ... okay on input line 161.
LaTeX Font Info:    Checking defaults for TS1/cmr/m/n on input line 161.
LaTeX Font Info:    ... okay on input line 161.
LaTeX Font Info:    Checking defaults for OMX/cmex/m/n on input line 161.
LaTeX Font Info:    ... okay on input line 161.
LaTeX Font Info:    Checking defaults for U/cmr/m/n on input line 161.
LaTeX Font Info:    ... okay on input line 161.
LaTeX Font Info:    Checking defaults for PD1/pdf/m/n on input line 161.
LaTeX Font Info:    ... okay on input line 161.
LaTeX Font Info:    Checking defaults for PU/pdf/m/n on input line 161.
LaTeX Font Info:    ... okay on input line 161.
=======
) (Vis4Sys.aux

LaTeX Warning: Label `fig:casestudy2' multiply defined.

)
\openout1 = `Vis4Sys.aux'.

LaTeX Font Info:    Checking defaults for OML/cmm/m/it on input line 163.
LaTeX Font Info:    ... okay on input line 163.
LaTeX Font Info:    Checking defaults for OMS/cmsy/m/n on input line 163.
LaTeX Font Info:    ... okay on input line 163.
LaTeX Font Info:    Checking defaults for OT1/cmr/m/n on input line 163.
LaTeX Font Info:    ... okay on input line 163.
LaTeX Font Info:    Checking defaults for T1/cmr/m/n on input line 163.
LaTeX Font Info:    ... okay on input line 163.
LaTeX Font Info:    Checking defaults for TS1/cmr/m/n on input line 163.
LaTeX Font Info:    ... okay on input line 163.
LaTeX Font Info:    Checking defaults for OMX/cmex/m/n on input line 163.
LaTeX Font Info:    ... okay on input line 163.
LaTeX Font Info:    Checking defaults for U/cmr/m/n on input line 163.
LaTeX Font Info:    ... okay on input line 163.
LaTeX Font Info:    Checking defaults for PD1/pdf/m/n on input line 163.
LaTeX Font Info:    ... okay on input line 163.
LaTeX Font Info:    Checking defaults for PU/pdf/m/n on input line 163.
LaTeX Font Info:    ... okay on input line 163.
>>>>>>> 87e38476d46c232532b1981a1ff0ea0f46d2299d
 (C:\Program Files\MiKTeX\tex/context/base/mkii\supp-pdf.mkii
[Loading MPS to PDF converter (version 2006.09.02).]
\scratchcounter=\count298
\scratchdimen=\dimen183
\scratchbox=\box59
\nofMPsegments=\count299
\nofMParguments=\count300
\everyMPshowfont=\toks29
\MPscratchCnt=\count301
\MPscratchDim=\dimen184
\MPnumerator=\count302
\makeMPintoPDFobject=\count303
\everyMPtoPDFconversion=\toks30
) (C:\Program Files\MiKTeX\tex/latex/epstopdf-pkg\epstopdf-base.sty
Package: epstopdf-base 2020-01-24 v2.11 Base part for package epstopdf
Package epstopdf-base Info: Redefining graphics rule for `.eps' on input line 4
85.
)
<<<<<<< HEAD
LaTeX Info: Redefining \microtypecontext on input line 161.
=======
LaTeX Info: Redefining \microtypecontext on input line 163.
>>>>>>> 87e38476d46c232532b1981a1ff0ea0f46d2299d
Package microtype Info: Generating PDF output.
Package microtype Info: Character protrusion enabled (level 2).
Package microtype Info: Using default protrusion set `alltext'.
Package microtype Info: Automatic font expansion enabled (level 2),
(microtype)             stretch: 20, shrink: 20, step: 1, non-selected.
Package microtype Info: Using default expansion set `alltext-nott'.
<<<<<<< HEAD
LaTeX Info: Redefining \showhyphens on input line 161.
=======
LaTeX Info: Redefining \showhyphens on input line 163.
>>>>>>> 87e38476d46c232532b1981a1ff0ea0f46d2299d
Package microtype Info: No adjustment of tracking.
Package microtype Info: No adjustment of interword spacing.
Package microtype Info: No adjustment of character kerning.

(C:\Program Files\MiKTeX\tex/latex/microtype\mt-ptm.cfg
File: mt-ptm.cfg 2006/04/20 v1.7 microtype config. file: Times (RS)
)
<<<<<<< HEAD
Package hyperref Info: Link coloring OFF on input line 161.
=======
Package hyperref Info: Link coloring OFF on input line 163.
>>>>>>> 87e38476d46c232532b1981a1ff0ea0f46d2299d

(C:\Program Files\MiKTeX\tex/latex/hyperref\nameref.sty
Package: nameref 2021-04-02 v2.47 Cross-referencing by name of section

(C:\Program Files\MiKTeX\tex/latex/refcount\refcount.sty
Package: refcount 2019/12/15 v3.6 Data extraction from label references (HO)
)
(C:\Program Files\MiKTeX\tex/generic/gettitlestring\gettitlestring.sty
Package: gettitlestring 2019/12/15 v1.6 Cleanup title references (HO)
)
\c@section@level=\count304
)
<<<<<<< HEAD
LaTeX Info: Redefining \ref on input line 161.
LaTeX Info: Redefining \pageref on input line 161.
LaTeX Info: Redefining \nameref on input line 161.
=======
LaTeX Info: Redefining \ref on input line 163.
LaTeX Info: Redefining \pageref on input line 163.
LaTeX Info: Redefining \nameref on input line 163.
>>>>>>> 87e38476d46c232532b1981a1ff0ea0f46d2299d

(Vis4Sys.out) (Vis4Sys.out)
\@outlinefile=\write3
\openout3 = `Vis4Sys.out'.

LaTeX Font Info:    Trying to load font information for OT1+phv on input line 1
<<<<<<< HEAD
70.
=======
72.
>>>>>>> 87e38476d46c232532b1981a1ff0ea0f46d2299d
 (C:\Program Files\MiKTeX\tex/latex/psnfss\ot1phv.fd
File: ot1phv.fd 2020/03/25 scalable font definitions for OT1/phv.
)
Package microtype Info: Loading generic protrusion settings for font family
(microtype)             `phv' (encoding: OT1).
(microtype)             For optimal results, create family-specific settings.
(microtype)             See the microtype manual for details.
LaTeX Font Info:    Trying to load font information for OT1+ztmcm on input line
<<<<<<< HEAD
 170.
=======
 172.
>>>>>>> 87e38476d46c232532b1981a1ff0ea0f46d2299d
 (C:\Program Files\MiKTeX\tex/latex/psnfss\ot1ztmcm.fd
File: ot1ztmcm.fd 2000/01/03 Fontinst v1.801 font definitions for OT1/ztmcm.
)
Package microtype Info: Loading generic protrusion settings for font family
(microtype)             `ztmcm' (encoding: OT1).
(microtype)             For optimal results, create family-specific settings.
(microtype)             See the microtype manual for details.
LaTeX Font Info:    Trying to load font information for OML+ztmcm on input line
<<<<<<< HEAD
 170.
=======
 172.
>>>>>>> 87e38476d46c232532b1981a1ff0ea0f46d2299d

(C:\Program Files\MiKTeX\tex/latex/psnfss\omlztmcm.fd
File: omlztmcm.fd 2000/01/03 Fontinst v1.801 font definitions for OML/ztmcm.
)
LaTeX Font Info:    Trying to load font information for OMS+ztmcm on input line
<<<<<<< HEAD
 170.
=======
 172.
>>>>>>> 87e38476d46c232532b1981a1ff0ea0f46d2299d

(C:\Program Files\MiKTeX\tex/latex/psnfss\omsztmcm.fd
File: omsztmcm.fd 2000/01/03 Fontinst v1.801 font definitions for OMS/ztmcm.
)
LaTeX Font Info:    Trying to load font information for OMX+ztmcm on input line
<<<<<<< HEAD
 170.
=======
 172.
>>>>>>> 87e38476d46c232532b1981a1ff0ea0f46d2299d

(C:\Program Files\MiKTeX\tex/latex/psnfss\omxztmcm.fd
File: omxztmcm.fd 2000/01/03 Fontinst v1.801 font definitions for OMX/ztmcm.
)
LaTeX Font Info:    Font shape `OT1/ptm/bx/n' in size <17.28> not available
<<<<<<< HEAD
(Font)              Font shape `OT1/ptm/b/n' tried instead on input line 170.
LaTeX Font Info:    Font shape `OT1/ptm/bx/n' in size <12> not available
(Font)              Font shape `OT1/ptm/b/n' tried instead on input line 170.
LaTeX Font Info:    Font shape `OT1/ptm/bx/n' in size <10> not available
(Font)              Font shape `OT1/ptm/b/n' tried instead on input line 170.
=======
(Font)              Font shape `OT1/ptm/b/n' tried instead on input line 172.
LaTeX Font Info:    Font shape `OT1/ptm/bx/n' in size <12> not available
(Font)              Font shape `OT1/ptm/b/n' tried instead on input line 172.
LaTeX Font Info:    Font shape `OT1/ptm/bx/n' in size <10> not available
(Font)              Font shape `OT1/ptm/b/n' tried instead on input line 172.
>>>>>>> 87e38476d46c232532b1981a1ff0ea0f46d2299d

(C:\Program Files\MiKTeX\tex/latex/microtype\mt-msa.cfg
File: mt-msa.cfg 2006/02/04 v1.1 microtype config. file: AMS symbols (a) (RS)
)
(C:\Program Files\MiKTeX\tex/latex/microtype\mt-msb.cfg
File: mt-msb.cfg 2005/06/01 v1.0 microtype config. file: AMS symbols (b) (RS)
)
Package microtype Info: Loading generic protrusion settings for font family
(microtype)             `cmss' (encoding: OT1).
(microtype)             For optimal results, create family-specific settings.
(microtype)             See the microtype manual for details.
LaTeX Font Info:    Font shape `OT1/ptm/bx/n' in size <7.4> not available
<<<<<<< HEAD
(Font)              Font shape `OT1/ptm/b/n' tried instead on input line 170.
LaTeX Font Info:    Font shape `OT1/ptm/bx/n' in size <6> not available
(Font)              Font shape `OT1/ptm/b/n' tried instead on input line 170.
=======
(Font)              Font shape `OT1/ptm/b/n' tried instead on input line 172.
LaTeX Font Info:    Font shape `OT1/ptm/bx/n' in size <6> not available
(Font)              Font shape `OT1/ptm/b/n' tried instead on input line 172.
>>>>>>> 87e38476d46c232532b1981a1ff0ea0f46d2299d


LaTeX Warning: No \author given.

\abstractwidth=\skip65
<<<<<<< HEAD
<figures/teaser/systemview.png, id=107, 1444.64719pt x 812.28468pt>
File: figures/teaser/systemview.png Graphic file (type png)
<use figures/teaser/systemview.png>
Package pdftex.def Info: figures/teaser/systemview.png  used on input line 170.

(pdftex.def)             Requested size: 467.22528pt x 262.70036pt.
LaTeX Font Info:    Font shape `OT1/phv/m/it' in size <8> not available
(Font)              Font shape `OT1/phv/m/sl' tried instead on input line 170.
LaTeX Font Info:    Font shape `OT1/ptm/bx/n' in size <8> not available
(Font)              Font shape `OT1/ptm/b/n' tried instead on input line 170.
LaTeX Font Info:    Font shape `OT1/ptm/bx/n' in size <5> not available
(Font)              Font shape `OT1/ptm/b/n' tried instead on input line 170.
<diamondrule.pdf, id=109, 213.79875pt x 12.045pt>
File: diamondrule.pdf Graphic file (type pdf)
<use diamondrule.pdf>
Package pdftex.def Info: diamondrule.pdf  used on input line 170.
=======
<figures/teaser/teaser.pdf, id=119, 1939.91756pt x 1096.76756pt>
File: figures/teaser/teaser.pdf Graphic file (type pdf)
<use figures/teaser/teaser.pdf>
Package pdftex.def Info: figures/teaser/teaser.pdf  used on input line 172.
(pdftex.def)             Requested size: 467.22528pt x 264.15002pt.
LaTeX Font Info:    Font shape `OT1/ptm/bx/n' in size <8> not available
(Font)              Font shape `OT1/ptm/b/n' tried instead on input line 172.
LaTeX Font Info:    Font shape `OT1/ptm/bx/n' in size <5> not available
(Font)              Font shape `OT1/ptm/b/n' tried instead on input line 172.
LaTeX Font Info:    Font shape `OT1/phv/m/it' in size <8> not available
(Font)              Font shape `OT1/phv/m/sl' tried instead on input line 172.
<diamondrule.pdf, id=120, 213.79875pt x 12.045pt>
File: diamondrule.pdf Graphic file (type pdf)
<use diamondrule.pdf>
Package pdftex.def Info: diamondrule.pdf  used on input line 172.
>>>>>>> 87e38476d46c232532b1981a1ff0ea0f46d2299d
(pdftex.def)             Requested size: 213.79822pt x 12.04495pt.
(sections/intro.tex
Underfull \vbox (badness 10000) has occurred while \output is active []

 [1{C:/Users/Administrator/AppData/Local/MiKTeX/pdftex/config/pdftex.map}


<<<<<<< HEAD
 <./figures/teaser/systemview.png> <./diamondrule.pdf>]
LaTeX Font Info:    Font shape `OT1/ptm/bx/n' in size <9> not available
(Font)              Font shape `OT1/ptm/b/n' tried instead on input line 53.
LaTeX Font Info:    Font shape `OT1/ptm/bx/n' in size <7> not available
(Font)              Font shape `OT1/ptm/b/n' tried instead on input line 53.
LaTeX Font Info:    Trying to load font information for TS1+ptm on input line 6
0.
=======
 <./figures/teaser/teaser.pdf> <./diamondrule.pdf>]
LaTeX Font Info:    Font shape `OT1/ptm/bx/n' in size <9> not available
(Font)              Font shape `OT1/ptm/b/n' tried instead on input line 51.
LaTeX Font Info:    Font shape `OT1/ptm/bx/n' in size <7> not available
(Font)              Font shape `OT1/ptm/b/n' tried instead on input line 51.
LaTeX Font Info:    Trying to load font information for TS1+ptm on input line 5
8.
>>>>>>> 87e38476d46c232532b1981a1ff0ea0f46d2299d

(C:\Program Files\MiKTeX\tex/latex/psnfss\ts1ptm.fd
File: ts1ptm.fd 2001/06/04 font definitions for TS1/ptm.
)) (sections/related.tex
[2]) (sections/background.tex
<<<<<<< HEAD
<figures/background/background.pdf, id=187, 384.10199pt x 564.5361pt>
File: figures/background/background.pdf Graphic file (type pdf)
<use figures/background/background.pdf>
Package pdftex.def Info: figures/background/background.pdf  used on input line 
8.
(pdftex.def)             Requested size: 216.26701pt x 317.86087pt.
) (sections/system.tex [3 <./figures/background/background.pdf>]
<figures/system/sysdesign.pdf, id=216, 788.72469pt x 596.89699pt>
File: figures/system/sysdesign.pdf Graphic file (type pdf)
<use figures/system/sysdesign.pdf>
Package pdftex.def Info: figures/system/sysdesign.pdf  used on input line 33.
(pdftex.def)             Requested size: 231.7141pt x 175.35445pt.
) (sections/dataprocess.tex
<figures/model/datamodel.pdf, id=220, 380.38412pt x 174.87534pt>
File: figures/model/datamodel.pdf Graphic file (type pdf)
<use figures/model/datamodel.pdf>
Package pdftex.def Info: figures/model/datamodel.pdf  used on input line 16.
(pdftex.def)             Requested size: 216.26701pt x 99.42647pt.
 [4 <./figures/system/sysdesign.pdf> <./figures/model/datamodel.pdf>]) (section
s/visualization.tex
<figures/visualization/progressdesign.pdf, id=10747, 574.59064pt x 331.01468pt>
=======
<figures/background/background.pdf, id=733, 384.10199pt x 564.5361pt>
File: figures/background/background.pdf Graphic file (type pdf)
<use figures/background/background.pdf>
Package pdftex.def Info: figures/background/background.pdf  used on input line 
11.
(pdftex.def)             Requested size: 216.26701pt x 317.86087pt.
) (sections/system.tex [3 <./figures/background/background.pdf>]
<figures/system/sysdesign.pdf, id=776, 788.72469pt x 596.89699pt>
File: figures/system/sysdesign.pdf Graphic file (type pdf)
<use figures/system/sysdesign.pdf>
Package pdftex.def Info: figures/system/sysdesign.pdf  used on input line 64.
(pdftex.def)             Requested size: 231.7141pt x 175.35445pt.
) (sections/dataprocess.tex [4 <./figures/system/sysdesign.pdf>]
<figures/model/datamodel.pdf, id=11285, 380.38412pt x 174.87534pt>
File: figures/model/datamodel.pdf Graphic file (type pdf)
<use figures/model/datamodel.pdf>
Package pdftex.def Info: figures/model/datamodel.pdf  used on input line 26.
(pdftex.def)             Requested size: 216.26701pt x 99.42647pt.
) (sections/visualization.tex
Underfull \hbox (badness 3396) in paragraph at lines 47--8
[]\OT1/ptm/m/n/9 (+20) Each task is mod-eled as a se-quence of at-tributes $\OM
L/ztmcm/m/it/9 t \OT1/ztmcm/m/n/9 :=\OML/ztmcm/m/it/9 <
 []


Underfull \hbox (badness 1033) in paragraph at lines 47--8
\OML/ztmcm/m/it/9 st; d; v; m; S[] >$\OT1/ptm/m/n/9 (+20) , where $\OML/ztmcm/m
/it/9 st$\OT1/ptm/m/n/9 (+20) , $\OML/ztmcm/m/it/9 d$ \OT1/ptm/m/n/9 (+20) and 
$\OML/ztmcm/m/it/9 v$ \OT1/ptm/m/n/9 (+20) in-di-cate the \OT1/ptm/m/it/9 (+20)
 start time\OT1/ptm/m/n/9 (+20) , \OT1/ptm/m/it/9 (+20) du-
 []


Underfull \hbox (badness 1122) in paragraph at lines 47--8
\OT1/ptm/m/n/9 (+20) in-dex an $\OML/ztmcm/m/it/9 attr$ \OT1/ptm/m/n/9 (+20) of
 $\OML/ztmcm/m/it/9 t$\OT1/ptm/m/n/9 (+20) . A log-i-cal ver-tex is mod-eled as
 a triplet
 []


Underfull \hbox (badness 1184) in paragraph at lines 47--8
\OML/ztmcm/m/it/9 v \OT1/ztmcm/m/n/9 :=\OML/ztmcm/m/it/9 < st; d; S[] >$\OT1/pt
m/m/n/9 (+20) . The start time of $\OML/ztmcm/m/it/9 v$ \OT1/ptm/m/n/9 (+20) is
 $\OML/ztmcm/m/it/9 v:st \OT1/ztmcm/m/n/9 = \OML/ztmcm/m/it/9 min\OT1/ztmcm/m/n
/9 (\OMS/ztmcm/m/n/9 f\OML/ztmcm/m/it/9 t:st\OMS/ztmcm/m/n/9 j\OML/ztmcm/m/it/9
 t \OMS/ztmcm/m/n/9 2
 []


Underfull \hbox (badness 2680) in paragraph at lines 47--8
\OML/ztmcm/m/it/9 P\OT1/ztmcm/m/n/9 (\OML/ztmcm/m/it/9 v\OT1/ztmcm/m/n/9 )\OMS/
ztmcm/m/n/9 g\OT1/ztmcm/m/n/9 )$\OT1/ptm/m/n/9 (+20) , the du-ra-tion of ver-te
x $\OML/ztmcm/m/it/9 v$ \OT1/ptm/m/n/9 (+20) is $\OML/ztmcm/m/it/9 v:d \OT1/ztm
cm/m/n/9 = \OML/ztmcm/m/it/9 v:st \OT1/ztmcm/m/n/9 + \OML/ztmcm/m/it/9 max\OT1/
ztmcm/m/n/9 (\OMS/ztmcm/m/n/9 f\OT1/ztmcm/m/n/9 (\OML/ztmcm/m/it/9 t:st \OT1/zt
mcm/m/n/9 +
 []

<figures/visualization/progressdesign.pdf, id=11287, 574.59064pt x 331.01468pt>
>>>>>>> 87e38476d46c232532b1981a1ff0ea0f46d2299d

File: figures/visualization/progressdesign.pdf Graphic file (type pdf)
<use figures/visualization/progressdesign.pdf>
Package pdftex.def Info: figures/visualization/progressdesign.pdf  used on inpu
<<<<<<< HEAD
t line 17.
(pdftex.def)             Requested size: 180.22644pt x 103.8257pt.
Package hyperref Info: bookmark level for unknown algorithm defaults to 0 on in
put line 27.
<figures/visualization/exeprogress.pdf, id=10756, 775.78731pt x 1530.60835pt>
File: figures/visualization/exeprogress.pdf Graphic file (type pdf)
<use figures/visualization/exeprogress.pdf>
Package pdftex.def Info: figures/visualization/exeprogress.pdf  used on input l
ine 83.
(pdftex.def)             Requested size: 231.7141pt x 457.15416pt.
<figures/visualization/patternexplorer.pdf, id=10757, 372.05699pt x 421.6854pt>
=======
t line 18.
(pdftex.def)             Requested size: 180.22644pt x 103.8257pt.
Package hyperref Info: bookmark level for unknown algorithm defaults to 0 on in
put line 28.
<figures/visualization/exeprogress.pdf, id=11300, 775.78731pt x 1530.60835pt>
File: figures/visualization/exeprogress.pdf Graphic file (type pdf)
<use figures/visualization/exeprogress.pdf>
Package pdftex.def Info: figures/visualization/exeprogress.pdf  used on input l
ine 93.
(pdftex.def)             Requested size: 231.7141pt x 457.15416pt.
<figures/visualization/patternexplorer.pdf, id=11301, 372.05699pt x 421.6854pt>
>>>>>>> 87e38476d46c232532b1981a1ff0ea0f46d2299d

File: figures/visualization/patternexplorer.pdf Graphic file (type pdf)
<use figures/visualization/patternexplorer.pdf>
Package pdftex.def Info: figures/visualization/patternexplorer.pdf  used on inp
<<<<<<< HEAD
ut line 113.
(pdftex.def)             Requested size: 247.16118pt x 280.13414pt.
 [5 <./figures/visualization/progressdesign.pdf>]

LaTeX Warning: Reference `' on page 6 undefined on input line 141.


LaTeX Warning: Reference `' on page 6 undefined on input line 141.

[6 <./figures/visualization/exeprogress.pdf> <./figures/visualization/patternex
plorer.pdf>]
<figures/visualization/taskList.pdf, id=11415, 545.92856pt x 293.98734pt>
File: figures/visualization/taskList.pdf Graphic file (type pdf)
<use figures/visualization/taskList.pdf>
Package pdftex.def Info: figures/visualization/taskList.pdf  used on input line
 159.
(pdftex.def)             Requested size: 247.16118pt x 133.09604pt.


LaTeX Warning: Reference `**' on page 7 undefined on input line 167.

) (sections/evaluation.tex) (sections/conclusion.tex) (Vis4Sys.bbl [7 <./figure
s/visualization/taskList.pdf>]) [8

] (Vis4Sys.aux)

LaTeX Warning: There were undefined references.

Package rerunfilecheck Info: File `Vis4Sys.out' has not changed.
(rerunfilecheck)             Checksum: 2CB9A1DBB343AE9B48D87EAACF1DFEF0;3424.
 ) 
Here is how much of TeX's memory you used:
 13243 strings out of 479334
 194716 string characters out of 2866936
 559501 words of memory out of 3000000
 29857 multiletter control sequences out of 15000+200000
 485256 words of font info for 457 fonts, out of 3000000 for 9000
 1141 hyphenation exceptions out of 8191
 72i,10n,74p,1455b,468s stack positions out of 5000i,500n,10000p,200000b,50000s
=======
ut line 123.
(pdftex.def)             Requested size: 247.16118pt x 280.13414pt.
[5 <./figures/model/datamodel.pdf> <./figures/visualization/progressdesign.pdf>
]

LaTeX Warning: Reference `' on page 6 undefined on input line 177.

[6 <./figures/visualization/exeprogress.pdf>]
<figures/visualization/taskList.pdf, id=11512, 545.92856pt x 293.98734pt>
File: figures/visualization/taskList.pdf Graphic file (type pdf)
<use figures/visualization/taskList.pdf>
Package pdftex.def Info: figures/visualization/taskList.pdf  used on input line
 188.
(pdftex.def)             Requested size: 247.16118pt x 133.09604pt.


LaTeX Warning: Reference `**' on page 7 undefined on input line 199.

) (sections/evaluation.tex (sections/case.tex [7 <./figures/visualization/patte
rnexplorer.pdf> <./figures/visualization/taskList.pdf

pdfTeX warning: pdflatex.exe (file ./figures/visualization/taskList.pdf): PDF i
nclusion: multiple pdfs with page group included in a single page
>]
<figures/case_study/CaseStudy1.pdf, id=12078, 819.95232pt x 651.32231pt>
File: figures/case_study/CaseStudy1.pdf Graphic file (type pdf)
<use figures/case_study/CaseStudy1.pdf>
Package pdftex.def Info: figures/case_study/CaseStudy1.pdf  used on input line 
17.
(pdftex.def)             Requested size: 231.7141pt x 184.05852pt.
<figures/case_study/CaseStudy2.pdf, id=12081, 1109.03336pt x 351.2011pt>
File: figures/case_study/CaseStudy2.pdf Graphic file (type pdf)
<use figures/case_study/CaseStudy2.pdf>
Package pdftex.def Info: figures/case_study/CaseStudy2.pdf  used on input line 
35.
(pdftex.def)             Requested size: 502.63797pt x 159.17511pt.
<figures/case_study/CaseStudy3.pdf, id=12082, 1126.0971pt x 518.82732pt>
File: figures/case_study/CaseStudy3.pdf Graphic file (type pdf)
<use figures/case_study/CaseStudy3.pdf>
Package pdftex.def Info: figures/case_study/CaseStudy3.pdf  used on input line 
51.
(pdftex.def)             Requested size: 231.7141pt x 106.75612pt.
) (sections/user.tex)) (sections/conclusion.tex) (Vis4Sys.bbl [8 <./figures/cas
e_study/CaseStudy1.pdf>]
Underfull \vbox (badness 2065) has occurred while \output is active []

) [9 <./figures/case_study/CaseStudy2.pdf> <./figures/case_study/CaseStudy3.pdf


pdfTeX warning: pdflatex.exe (file ./figures/case_study/CaseStudy3.pdf): PDF in
clusion: multiple pdfs with page group included in a single page
>] (Vis4Sys.aux)

LaTeX Warning: There were undefined references.


LaTeX Warning: There were multiply-defined labels.

Package rerunfilecheck Info: File `Vis4Sys.out' has not changed.
(rerunfilecheck)             Checksum: 1A5F506A7020E76EDD6294C375EA4A84;4318.
 ) 
Here is how much of TeX's memory you used:
 13321 strings out of 479334
 196471 string characters out of 2866936
 562830 words of memory out of 3000000
 29890 multiletter control sequences out of 15000+200000
 486229 words of font info for 471 fonts, out of 3000000 for 9000
 1141 hyphenation exceptions out of 8191
 72i,10n,74p,1556b,483s stack positions out of 5000i,500n,10000p,200000b,50000s
>>>>>>> 87e38476d46c232532b1981a1ff0ea0f46d2299d
{C:/Program Files/MiKTeX/fonts/enc/dvips/base/8r.enc}<C:/Program Files/MiKTeX
/fonts/type1/public/amsfonts/cm/cmex10.pfb><C:/Program Files/MiKTeX/fonts/type1
/public/amsfonts/cm/cmmi10.pfb><C:/Program Files/MiKTeX/fonts/type1/public/amsf
onts/cm/cmr10.pfb><C:/Program Files/MiKTeX/fonts/type1/public/amsfonts/cm/cmss1
7.pfb><C:/Program Files/MiKTeX/fonts/type1/public/amsfonts/cm/cmss8.pfb><C:/Pro
gram Files/MiKTeX/fonts/type1/public/amsfonts/cm/cmss9.pfb><C:/Program Files/Mi
KTeX/fonts/type1/public/amsfonts/cm/cmsy10.pfb><C:/Program Files/MiKTeX/fonts/t
ype1/public/amsfonts/symbols/msbm10.pfb><C:/Program Files/MiKTeX/fonts/type1/ur
w/helvetic/uhvb8a.pfb><C:/Program Files/MiKTeX/fonts/type1/urw/helvetic/uhvr8a.
pfb><C:/Program Files/MiKTeX/fonts/type1/urw/helvetic/uhvro8a.pfb><C:/Program F
iles/MiKTeX/fonts/type1/urw/times/utmb8a.pfb><C:/Program Files/MiKTeX/fonts/typ
e1/urw/times/utmbi8a.pfb><C:/Program Files/MiKTeX/fonts/type1/urw/times/utmr8a.
pfb><C:/Program Files/MiKTeX/fonts/type1/urw/times/utmri8a.pfb>
<<<<<<< HEAD
Output written on Vis4Sys.pdf (8 pages, 4315981 bytes).
PDF statistics:
 11580 PDF objects out of 12825 (max. 8388607)
 77 named destinations out of 1000 (max. 500000)
 109310 words of extra memory for PDF output out of 128383 (max. 10000000)
=======
Output written on Vis4Sys.pdf (9 pages, 6519817 bytes).
PDF statistics:
 16458 PDF objects out of 18468 (max. 8388607)
 94 named destinations out of 1000 (max. 500000)
 109349 words of extra memory for PDF output out of 128383 (max. 10000000)
>>>>>>> 87e38476d46c232532b1981a1ff0ea0f46d2299d

